0 info it worked if it ends with ok
1 verbose cli [ '/usr/local/bin/iojs', '/usr/local/bin/npm', 'install' ]
2 info using npm@2.7.4
3 info using node@v1.6.3
4 error install Couldn't read dependencies
5 verbose stack Error: ENOENT: no such file or directory, open '/Users/robinsonalex/turing/projects/feed_engine/package.json'
5 verbose stack     at Error (native)
6 verbose cwd /Users/robinsonalex/turing/projects/feed_engine
7 error Darwin 14.0.0
8 error argv "/usr/local/bin/iojs" "/usr/local/bin/npm" "install"
9 error node v1.6.3
10 error npm  v2.7.4
11 error path /Users/robinsonalex/turing/projects/feed_engine/package.json
12 error code ENOPACKAGEJSON
13 error errno -2
14 error syscall open
15 error package.json ENOENT: no such file or directory, open '/Users/robinsonalex/turing/projects/feed_engine/package.json'
15 error package.json This is most likely not a problem with npm itself.
15 error package.json npm can't find a package.json file in your current directory.
16 verbose exit [ -2, true ]
